<?xml version="1.0" encoding="UTF-8"?>
<!-- Generated by org.testng.reporters.JUnitXMLReporter -->
<testsuite ignored="7" hostname="MANORSAH-1VNNR" failures="0" tests="8" name="Test" time="67.149" errors="0" timestamp="15 Nov 2021 18:13:56 GMT">
  <testcase classname="launchUrl_FF" name="login" time="36.88"/>
  <testcase classname="launchUrl_FF" name="verifyLogoAndPageTitle" time="0.287"/>
  <testcase classname="launchUrl_FF" name="verifyCRAndCustomerValidationTabs" time="0.163"/>
  <testcase classname="launchUrl_FF" name="verifyCRTabIsSelected" time="0.061"/>
  <testcase classname="launchUrl_FF" name="verifyPresenceOfAllFields" time="1.629"/>
  <testcase classname="launchUrl_FF" name="verifyFieldsMandatoryToFillForRegistration" time="0.728"/>
  <testcase classname="launchUrl_FF" name="verifyUSAsDefaultCountry" time="0.024"/>
  <testcase classname="launchUrl_FF" name="verifyCountryIsMandatoryAndElementType" time="0.924"/>
  <testcase classname="launchUrl_FF" name="verifyIdentificationTypeTooltipText" time="0.0">
    <ignored/>
  </testcase> <!-- verifyIdentificationTypeTooltipText -->
  <testcase classname="launchUrl_FF" name="verifyReferenceURLTooltipText" time="0.0">
    <ignored/>
  </testcase> <!-- verifyReferenceURLTooltipText -->
  <testcase classname="launchUrl_FF" name="verifyIdentificationNumberTooltipText" time="0.0">
    <ignored/>
  </testcase> <!-- verifyIdentificationNumberTooltipText -->
  <testcase classname="launchUrl_FF" name="verifySegmentationTooltipText" time="0.0">
    <ignored/>
  </testcase> <!-- verifySegmentationTooltipText -->
  <testcase classname="launchUrl_FF" name="verifyPrimaryIndustryTooltipText" time="0.0">
    <ignored/>
  </testcase> <!-- verifyPrimaryIndustryTooltipText -->
  <testcase classname="launchUrl_FF" name="verifyReferenceGIDTooltipText" time="0.0">
    <ignored/>
  </testcase> <!-- verifyReferenceGIDTooltipText -->
  <testcase classname="launchUrl_FF" name="verifyWebDomainTooltipText" time="0.0">
    <ignored/>
  </testcase> <!-- verifyWebDomainTooltipText -->
</testsuite> <!-- Test -->
