<?xml version="1.0" encoding="UTF-8"?>
<!-- Generated by org.testng.reporters.JUnitXMLReporter -->
<testsuite ignored="0" hostname="MANORSAH-1VNNR" failures="7" tests="14" name="Test" time="57.228" errors="0" timestamp="14 Nov 2021 13:13:02 GMT">
  <testcase classname="launchUrl_FF" name="login" time="19.699"/>
  <testcase classname="launchUrl_FF" name="verifyLogoAndPageTitle" time="0.308"/>
  <testcase classname="launchUrl_FF" name="verifyCRAndCustomerValidationTabs" time="0.242"/>
  <testcase classname="launchUrl_FF" name="verifyCRTabIsSelected" time="0.095"/>
  <testcase classname="launchUrl_FF" name="verifyPresenceOfAllFields" time="1.62"/>
  <testcase classname="launchUrl_FF" name="verifyWebDomainTooltipText" time="0.371">
    <failure type="java.lang.AssertionError" message="expected [Official website of the Company] but found [null]">
      <![CDATA[java.lang.AssertionError: expected [Official website of the Company] but found [null]
at launchUrl_FF.verifyWebDomainTooltipText(launchUrl_FF.java:125)
at com.intellij.rt.testng.IDEARemoteTestNG.run(IDEARemoteTestNG.java:66)
at com.intellij.rt.testng.RemoteTestNGStarter.main(RemoteTestNGStarter.java:109)
... Removed 28 stack frames]]>
    </failure>
  </testcase> <!-- verifyWebDomainTooltipText -->
  <testcase classname="launchUrl_FF" name="verifyIdentificationTypeTooltipText" time="0.202">
    <failure type="java.lang.AssertionError" message="expected [Company Registration Number or Tax Identification Number] but found [null]">
      <![CDATA[java.lang.AssertionError: expected [Company Registration Number or Tax Identification Number] but found [null]
at launchUrl_FF.verifyIdentificationTypeTooltipText(launchUrl_FF.java:137)
at com.intellij.rt.testng.IDEARemoteTestNG.run(IDEARemoteTestNG.java:66)
at com.intellij.rt.testng.RemoteTestNGStarter.main(RemoteTestNGStarter.java:109)
... Removed 28 stack frames]]>
    </failure>
  </testcase> <!-- verifyIdentificationTypeTooltipText -->
  <testcase classname="launchUrl_FF" name="verifyIdentificationNumberTooltipText" time="0.205">
    <failure type="java.lang.AssertionError" message="expected [Value of Idenitfication Type] but found [null]">
      <![CDATA[java.lang.AssertionError: expected [Value of Idenitfication Type] but found [null]
at launchUrl_FF.verifyIdentificationNumberTooltipText(launchUrl_FF.java:149)
at com.intellij.rt.testng.IDEARemoteTestNG.run(IDEARemoteTestNG.java:66)
at com.intellij.rt.testng.RemoteTestNGStarter.main(RemoteTestNGStarter.java:109)
... Removed 28 stack frames]]>
    </failure>
  </testcase> <!-- verifyIdentificationNumberTooltipText -->
  <testcase classname="launchUrl_FF" name="verifyPrimaryIndustryTooltipText" time="0.197">
    <failure type="java.lang.AssertionError" message="expected [Type of Business] but found [null]">
      <![CDATA[java.lang.AssertionError: expected [Type of Business] but found [null]
at launchUrl_FF.verifyPrimaryIndustryTooltipText(launchUrl_FF.java:161)
at com.intellij.rt.testng.IDEARemoteTestNG.run(IDEARemoteTestNG.java:66)
at com.intellij.rt.testng.RemoteTestNGStarter.main(RemoteTestNGStarter.java:109)
... Removed 28 stack frames]]>
    </failure>
  </testcase> <!-- verifyPrimaryIndustryTooltipText -->
  <testcase classname="launchUrl_FF" name="verifyReferenceURLTooltipText" time="0.236">
    <failure type="java.lang.AssertionError" message="expected [Type of Business] but found [null]">
      <![CDATA[java.lang.AssertionError: expected [Type of Business] but found [null]
at launchUrl_FF.verifyReferenceURLTooltipText(launchUrl_FF.java:173)
at com.intellij.rt.testng.IDEARemoteTestNG.run(IDEARemoteTestNG.java:66)
at com.intellij.rt.testng.RemoteTestNGStarter.main(RemoteTestNGStarter.java:109)
... Removed 28 stack frames]]>
    </failure>
  </testcase> <!-- verifyReferenceURLTooltipText -->
  <testcase classname="launchUrl_FF" name="verifySegmentationTooltipText" time="0.189">
    <failure type="java.lang.AssertionError" message="expected [Company market segmentation] but found [null]">
      <![CDATA[java.lang.AssertionError: expected [Company market segmentation] but found [null]
at launchUrl_FF.verifySegmentationTooltipText(launchUrl_FF.java:186)
at com.intellij.rt.testng.IDEARemoteTestNG.run(IDEARemoteTestNG.java:66)
at com.intellij.rt.testng.RemoteTestNGStarter.main(RemoteTestNGStarter.java:109)
... Removed 28 stack frames]]>
    </failure>
  </testcase> <!-- verifySegmentationTooltipText -->
  <testcase classname="launchUrl_FF" name="verifyReferenceGIDTooltipText" time="0.204">
    <failure type="java.lang.AssertionError" message="expected [Company Global Ultimate ID(Parent Company)] but found [null]">
      <![CDATA[java.lang.AssertionError: expected [Company Global Ultimate ID(Parent Company)] but found [null]
at launchUrl_FF.verifyReferenceGIDTooltipText(launchUrl_FF.java:198)
at com.intellij.rt.testng.IDEARemoteTestNG.run(IDEARemoteTestNG.java:66)
at com.intellij.rt.testng.RemoteTestNGStarter.main(RemoteTestNGStarter.java:109)
... Removed 28 stack frames]]>
    </failure>
  </testcase> <!-- verifyReferenceGIDTooltipText -->
  <testcase classname="launchUrl_FF" name="verifyFieldsMandatoryToFillForRegistration" time="0.589"/>
  <testcase classname="launchUrl_FF" name="verifyCountryIsMandatoryAndElementType" time="0.801"/>
</testsuite> <!-- Test -->
