<?xml version="1.0" encoding="UTF-8"?>
<testng-results ignored="7" total="15" passed="8" failed="0" skipped="0">
  <reporter-output>
  </reporter-output>
  <suite started-at="2021-11-15T18:12:49Z" name="Suite1" finished-at="2021-11-15T18:13:56Z" duration-ms="67149">
    <groups>
    </groups>
    <test started-at="2021-11-15T18:12:49Z" name="Test" finished-at="2021-11-15T18:13:56Z" duration-ms="67149">
      <class name="launchUrl_FF">
        <test-method is-config="true" signature="initialSetUp()[pri:0, instance:launchUrl_FF@4d5d943d]" started-at="2021-11-15T18:12:49Z" name="initialSetUp" finished-at="2021-11-15T18:13:15Z" duration-ms="26423" status="PASS">
          <reporter-output>
          </reporter-output>
        </test-method> <!-- initialSetUp -->
        <test-method signature="login()[pri:1, instance:launchUrl_FF@4d5d943d]" started-at="2021-11-15T18:13:15Z" name="login" finished-at="2021-11-15T18:13:52Z" duration-ms="36880" status="PASS">
          <reporter-output>
          </reporter-output>
        </test-method> <!-- login -->
        <test-method signature="verifyLogoAndPageTitle()[pri:2, instance:launchUrl_FF@4d5d943d]" started-at="2021-11-15T18:13:52Z" name="verifyLogoAndPageTitle" finished-at="2021-11-15T18:13:53Z" duration-ms="287" status="PASS">
          <reporter-output>
          </reporter-output>
        </test-method> <!-- verifyLogoAndPageTitle -->
        <test-method signature="verifyCRAndCustomerValidationTabs()[pri:3, instance:launchUrl_FF@4d5d943d]" started-at="2021-11-15T18:13:53Z" name="verifyCRAndCustomerValidationTabs" finished-at="2021-11-15T18:13:53Z" duration-ms="163" status="PASS">
          <reporter-output>
          </reporter-output>
        </test-method> <!-- verifyCRAndCustomerValidationTabs -->
        <test-method signature="verifyCRTabIsSelected()[pri:4, instance:launchUrl_FF@4d5d943d]" started-at="2021-11-15T18:13:53Z" name="verifyCRTabIsSelected" finished-at="2021-11-15T18:13:53Z" duration-ms="61" status="PASS">
          <reporter-output>
          </reporter-output>
        </test-method> <!-- verifyCRTabIsSelected -->
        <test-method signature="verifyPresenceOfAllFields()[pri:5, instance:launchUrl_FF@4d5d943d]" started-at="2021-11-15T18:13:53Z" name="verifyPresenceOfAllFields" finished-at="2021-11-15T18:13:54Z" duration-ms="1629" status="PASS">
          <reporter-output>
          </reporter-output>
        </test-method> <!-- verifyPresenceOfAllFields -->
        <test-method signature="verifyFieldsMandatoryToFillForRegistration()[pri:13, instance:launchUrl_FF@4d5d943d]" started-at="2021-11-15T18:13:54Z" name="verifyFieldsMandatoryToFillForRegistration" finished-at="2021-11-15T18:13:55Z" duration-ms="728" status="PASS">
          <reporter-output>
          </reporter-output>
        </test-method> <!-- verifyFieldsMandatoryToFillForRegistration -->
        <test-method signature="verifyUSAsDefaultCountry()[pri:14, instance:launchUrl_FF@4d5d943d]" started-at="2021-11-15T18:13:55Z" name="verifyUSAsDefaultCountry" finished-at="2021-11-15T18:13:55Z" duration-ms="24" status="PASS">
          <reporter-output>
          </reporter-output>
        </test-method> <!-- verifyUSAsDefaultCountry -->
        <test-method signature="verifyCountryIsMandatoryAndElementType()[pri:15, instance:launchUrl_FF@4d5d943d]" started-at="2021-11-15T18:13:55Z" name="verifyCountryIsMandatoryAndElementType" finished-at="2021-11-15T18:13:56Z" duration-ms="924" status="PASS">
          <reporter-output>
          </reporter-output>
        </test-method> <!-- verifyCountryIsMandatoryAndElementType -->
      </class> <!-- launchUrl_FF -->
    </test> <!-- Test -->
  </suite> <!-- Suite1 -->
</testng-results>
